2024-09-06 00:42:51,432 - INFO - Generated email for Abwoga, Adrian Jared Paul: apaul@gmail.com
2024-09-06 00:42:51,433 - INFO - Generated email for Akong'o, Shanelle Hilda Anyango: aanyango@gmail.com
2024-09-06 00:42:51,433 - INFO - Generated email for Ang'edu, Jude Ocomil: aocomil@gmail.com
2024-09-06 00:42:51,433 - INFO - Generated email for Arunga, Kyla Neema: aneema@gmail.com
2024-09-06 00:42:51,433 - INFO - Generated email for Atenya, Anthony Magunga Ikobwa: aikobwa@gmail.com
2024-09-06 00:42:51,433 - INFO - Generated email for Budembeshe, Moses Kasuni: bkasuni@gmail.com
2024-09-06 00:42:51,433 - INFO - Generated email for Dessalegn, Kalid Geleta: dgeleta@gmail.com
2024-09-06 00:42:51,433 - INFO - Generated email for Epetet, Keith Lokwei: elokwei@gmail.com
2024-09-06 00:42:51,433 - INFO - Generated email for Ger, David Otieno: gotieno@gmail.com
2024-09-06 00:42:51,433 - INFO - Generated email for Githinji, Don Moses Thigiti: gthigiti@gmail.com
2024-09-06 00:42:51,433 - INFO - Generated email for Haji, Ashir Ali: hali@gmail.com
2024-09-06 00:42:51,433 - INFO - Generated email for Hassan, Fardowsa Abduhakim: habduhakim@gmail.com
2024-09-06 00:42:51,433 - INFO - Generated email for Ismail, Ruweida Ali: iali@gmail.com
2024-09-06 00:42:51,433 - INFO - Generated email for Johnson, Myles Adebayo: jadebayo@gmail.com
2024-09-06 00:42:51,433 - INFO - Generated email for Kamau, Ann Mumbi: kmumbi@gmail.com
2024-09-06 00:42:51,433 - INFO - Generated email for Kangethe, Sharon Wanjiru: kwanjiru@gmail.com
2024-09-06 00:42:51,433 - INFO - Generated email for Karanu, Neema Muthoni: kmuthoni@gmail.com
2024-09-06 00:42:51,433 - INFO - Generated email for Kiarie, Samuel Ndungu: kndungu@gmail.com
2024-09-06 00:42:51,433 - INFO - Generated email for Kihara, Shannon Kendi: kkendi@gmail.com
2024-09-06 00:42:51,433 - INFO - Generated email for Kimutai, Peter Kibet: kkibet@gmail.com
2024-09-06 00:42:51,434 - INFO - Generated email for Kinyua, Victor Mfana: kmfana@gmail.com
2024-09-06 00:42:51,434 - INFO - Generated email for Kirema, Ian Muteithia: kmuteithia@gmail.com
2024-09-06 00:42:51,434 - INFO - Generated email for Kithae, Eric Muriithi: kmuriithi@gmail.com
2024-09-06 00:42:51,434 - INFO - Generated email for Korir, Kevin Kimutai: kkimutai@gmail.com
2024-09-06 00:42:51,434 - INFO - Generated email for Kwoba, Alex Wafula: kwafula@gmail.com
2024-09-06 00:42:51,434 - INFO - Generated email for Maritim, Kelvin Kipngeno: mkipngeno@gmail.com
2024-09-06 00:42:51,434 - INFO - Generated email for Masaka, Zivai Takadiwa David: mdavid@gmail.com
2024-09-06 00:42:51,434 - INFO - Generated email for Mohamed, Ally Mahamud: mmahamud@gmail.com
2024-09-06 00:42:51,434 - INFO - Generated email for Morekwa, David Nyamongo: mnyamongo@gmail.com
2024-09-06 00:42:51,434 - INFO - Generated email for Mugambi, Kelvin Karani: mkarani@gmail.com
2024-09-06 00:42:51,434 - INFO - Generated email for Muhia, Victor Mwaura: mmwaura@gmail.com
2024-09-06 00:42:51,434 - INFO - Generated email for Muiyuro, Natasha Waithira: mwaithira@gmail.com
2024-09-06 00:42:51,434 - INFO - Generated email for Muli, Grace Kanini: mkanini@gmail.com
2024-09-06 00:42:51,434 - INFO - Generated email for Muroki, Mark Gichuhi: mgichuhi@gmail.com
2024-09-06 00:42:51,434 - INFO - Generated email for Mutaki, Ruby Mbete: mmbete@gmail.com
2024-09-06 00:42:51,434 - INFO - Generated email for Mutua, Franklin Karanja: mkaranja@gmail.com
2024-09-06 00:42:51,434 - INFO - Generated email for Mutunga, Eric Kiamba: mkiamba@gmail.com
2024-09-06 00:42:51,434 - INFO - Generated email for Mutunga, Patience Kamanthe: mkamanthe@gmail.com
2024-09-06 00:42:51,434 - INFO - Generated email for Mwanda, George Josiah: mjosiah@gmail.com
2024-09-06 00:42:51,434 - INFO - Generated email for Nabaala, Andrew Kasaine: nkasaine@gmail.com
2024-09-06 00:42:51,434 - INFO - Generated email for Naibei, Monicah: nmonicah@gmail.com
2024-09-06 00:42:51,434 - INFO - Generated email for Ndambiri, Yvonne Nyambura: nnyambura@gmail.com
2024-09-06 00:42:51,434 - INFO - Generated email for Ndungu, Sarah Laura Wangari: nwangari@gmail.com
2024-09-06 00:42:51,434 - INFO - Generated email for Ng'ang'a, Ian Mutuge: nmutuge@gmail.com
2024-09-06 00:42:51,434 - INFO - Generated email for Ngeno, Alvin Kipkurui: nkipkurui@gmail.com
2024-09-06 00:42:51,434 - INFO - Generated email for Ngigi, Michael Macharia: nmacharia@gmail.com
2024-09-06 00:42:51,434 - INFO - Generated email for Njuguna, Elizabeth Njoki: nnjoki@gmail.com
2024-09-06 00:42:51,435 - INFO - Generated email for Nugi, Andrew Kiarie: nkiarie@gmail.com
2024-09-06 00:42:51,435 - INFO - Generated email for Nyambura, Erica: nerica@gmail.com
2024-09-06 00:42:51,435 - INFO - Generated email for Nzioki, Maureen Mutete: nmutete@gmail.com
2024-09-06 00:42:51,435 - INFO - Generated email for Ochanda, Steven Joel Jona: ojona@gmail.com
2024-09-06 00:42:51,435 - INFO - Generated email for Ogutu, Brenda Mary Anyango: oanyango@gmail.com
2024-09-06 00:42:51,435 - INFO - Generated email for Ombeni, Mwenzangu Faraja: ofaraja@gmail.com
2024-09-06 00:42:51,435 - INFO - Generated email for Ombongi, Caleb Magare: omagare@gmail.com
2024-09-06 00:42:51,435 - INFO - Generated email for Orony, Charis Ng'wono: ongwono@gmail.com
2024-09-06 00:42:51,435 - INFO - Generated email for Owens, Nicole Owens: oowens@gmail.com
2024-09-06 00:42:51,435 - INFO - Generated email for Patel, Jay Hirji: phirji@gmail.com
2024-09-06 00:42:51,435 - INFO - Generated email for Tonui, Martin: tmartin@gmail.com
2024-09-06 00:42:51,435 - INFO - Generated email for Tum, Bramwel Kipchirchir: tkipchirchir@gmail.com
2024-09-06 00:42:51,435 - INFO - Generated email for Wachira, Joy Muthoni: wmuthoni@gmail.com
2024-09-06 00:42:51,435 - INFO - Generated email for Wakaba, Rosemary Njeri: wnjeri@gmail.com
2024-09-06 00:42:51,435 - INFO - Generated email for Wanjao, Louis Mbugua: wmbugua@gmail.com
2024-09-06 00:42:51,435 - INFO - Generated email for Waweru, Monika Ng'endo: wngendo@gmail.com
2024-09-06 00:42:51,435 - INFO - Generated email for Waweru, Trevor Kariuki: wkariuki@gmail.com
2024-09-06 00:42:51,435 - INFO - Generated email for Adhiambo, Jane Daisy: adaisy@gmail.com
2024-09-06 00:42:51,435 - INFO - Generated email for Ali, Sumeiya Abdulle Abdirizak: aabdirizak@gmail.com
2024-09-06 00:42:51,435 - INFO - Generated email for Asava, Wayne Majani: amajani@gmail.com
2024-09-06 00:42:51,435 - INFO - Generated email for Barasa, Michelle Nekesa: bnekesa@gmail.com
2024-09-06 00:42:51,435 - INFO - Generated email for Bigingi, Ian Duncan: bduncan@gmail.com
2024-09-06 00:42:51,435 - INFO - Generated email for Cheboi, Lormotum Noel: cnoel@gmail.com
2024-09-06 00:42:51,435 - INFO - Generated email for Dulo, Humphrey James: djames@gmail.com
2024-09-06 00:42:51,435 - INFO - Generated email for Etemesi, Caleb Asira: easira@gmail.com
2024-09-06 00:42:51,435 - INFO - Generated email for Frances, Ayango: fayango@gmail.com
2024-09-06 00:42:51,435 - INFO - Generated email for Gitau, Sandra Wanjiru: gwanjiru@gmail.com
2024-09-06 00:42:51,435 - INFO - Generated email for Hassan, Masoud Ali: hali1@gmail.com
2024-09-06 00:42:51,435 - INFO - Generated email for Kabui, Michelle Miceere: kmiceere@gmail.com
2024-09-06 00:42:51,436 - INFO - Generated email for Kamau, Edinah Nyambura: knyambura@gmail.com
2024-09-06 00:42:51,436 - INFO - Generated email for Kamau, Jesse Mbugua: kmbugua@gmail.com
2024-09-06 00:42:51,436 - INFO - Generated email for Karani, Amanda Ngendo: kngendo@gmail.com
2024-09-06 00:42:51,436 - INFO - Generated email for Kathurima, Ryan Kinoti: kkinoti@gmail.com
2024-09-06 00:42:51,436 - INFO - Generated email for Kennedy, Angel Venoliah: kvenoliah@gmail.com
2024-09-06 00:42:51,436 - INFO - Generated email for Kiilu, Jeff Kioko: kkioko@gmail.com
2024-09-06 00:42:51,436 - INFO - Generated email for Kiiru, Cynthia Everlyn Muthoni: kmuthoni1@gmail.com
2024-09-06 00:42:51,436 - INFO - Generated email for Kimani, Alex Mwangi: kmwangi@gmail.com
2024-09-06 00:42:51,436 - INFO - Generated email for Kinegeni, Terry: kterry@gmail.com
2024-09-06 00:42:51,436 - INFO - Generated email for Kyalo, Felicia Mutheu: kmutheu@gmail.com
2024-09-06 00:42:51,436 - INFO - Generated email for Leting, Sylvester Kiplagat: lkiplagat@gmail.com
2024-09-06 00:42:51,436 - INFO - Generated email for Lihanda, Glen Musa: lmusa@gmail.com
2024-09-06 00:42:51,436 - INFO - Generated email for Mahia, Jerome Kamau: mkamau@gmail.com
2024-09-06 00:42:51,436 - INFO - Generated email for Mbugua, Nathan Ng'ethe: mngethe@gmail.com
2024-09-06 00:42:51,436 - INFO - Generated email for Mbwanga, Emmanuel Chivunira: mchivunira@gmail.com
2024-09-06 00:42:51,436 - INFO - Generated email for Moire, Henry Nyakundi: mnyakundi@gmail.com
2024-09-06 00:42:51,436 - INFO - Generated email for Morara, Keith Matwere: mmatwere@gmail.com
2024-09-06 00:42:51,436 - INFO - Generated email for Muchiri, Lynn Wairimu: mwairimu@gmail.com
2024-09-06 00:42:51,436 - INFO - Generated email for Mugendi, Emmanuel Muthomi: mmuthomi@gmail.com
2024-09-06 00:42:51,436 - INFO - Generated email for Mukiri, Maryanne Wanjiku: mwanjiku@gmail.com
2024-09-06 00:42:51,436 - INFO - Generated email for Mungai, Kihanya: mkihanya@gmail.com
2024-09-06 00:42:51,436 - INFO - Generated email for Musyoka, Brian Kioko: mkioko@gmail.com
2024-09-06 00:42:51,436 - INFO - Generated email for Mutende, Arabella Fanisheba: mfanisheba@gmail.com
2024-09-06 00:42:51,436 - INFO - Generated email for Mutinda, Bryan Lwaya: mlwaya@gmail.com
2024-09-06 00:42:51,436 - INFO - Generated email for Mwago, Megan Dette: mdette@gmail.com
2024-09-06 00:42:51,436 - INFO - Generated email for Mwai, David King: mking@gmail.com
2024-09-06 00:42:51,436 - INFO - Generated email for Nalugala, Venessa Chebukwa: nchebukwa@gmail.com
2024-09-06 00:42:51,436 - INFO - Generated email for Ndirangu, Denise Nyambura: nnyambura1@gmail.com
2024-09-06 00:42:51,436 - INFO - Generated email for Ngahu, David Gitonga: ngitonga@gmail.com
2024-09-06 00:42:51,437 - INFO - Generated email for Ngari, Sifa Gathoni: ngathoni@gmail.com
2024-09-06 00:42:51,437 - INFO - Generated email for Nguthiru, Edwin Ndiritu: nndiritu@gmail.com
2024-09-06 00:42:51,437 - INFO - Generated email for Nyamosi, Edmond Omwega: nomwega@gmail.com
2024-09-06 00:42:51,437 - INFO - Generated email for Nyang'or, Olive Menorah: nmenorah@gmail.com
2024-09-06 00:42:51,437 - INFO - Generated email for Omal, Warren: owarren@gmail.com
2024-09-06 00:42:51,437 - INFO - Generated email for Omondi, Emmanuel Neville: oneville@gmail.com
2024-09-06 00:42:51,437 - INFO - Generated email for Omondi, Winfred Achieng: oachieng@gmail.com
2024-09-06 00:42:51,437 - INFO - Generated email for Otao, Davis Mokora: omokora@gmail.com
2024-09-06 00:42:51,437 - INFO - Generated email for Rintaugu, Mugambi Nteere: rnteere@gmail.com
2024-09-06 00:42:51,437 - INFO - Generated email for Rotich, Mercy Chepngetich: rchepngetich@gmail.com
2024-09-06 00:42:51,437 - INFO - Generated email for Sehmi, Singh Jeevan: sjeevan@gmail.com
2024-09-06 00:42:51,437 - INFO - Generated email for Vasani, Aman Upinkumar: vupinkumar@gmail.com
2024-09-06 00:42:51,437 - INFO - Generated email for Wafula, Gideon Simiyu: wsimiyu@gmail.com
2024-09-06 00:42:51,437 - INFO - Generated email for Wahu, Bridget Makena: wmakena@gmail.com
2024-09-06 00:42:51,437 - INFO - Generated email for Wango, Michael Mundati: wmundati@gmail.com
2024-09-06 00:42:51,437 - INFO - Generated email for Wangombe, Martin Mwangi: wmwangi@gmail.com
2024-09-06 00:42:51,437 - INFO - Generated email for Wanyonyi, Brian Newton: wnewton@gmail.com
2024-09-06 00:42:51,437 - INFO - Generated email for Wasike, Nicole Jones Nekesa: wnekesa@gmail.com
2024-09-06 00:42:51,437 - INFO - Student Name: Abwoga, Adrian Jared Paul, Email address: apaul@gmail.com
2024-09-06 00:42:51,438 - INFO - Student Name: Akong'o, Shanelle Hilda Anyango, Email address: aanyango@gmail.com
2024-09-06 00:42:51,438 - INFO - Student Name: Ang'edu, Jude Ocomil, Email address: aocomil@gmail.com
2024-09-06 00:42:51,438 - INFO - Student Name: Arunga, Kyla Neema, Email address: aneema@gmail.com
2024-09-06 00:42:51,438 - INFO - Student Name: Atenya, Anthony Magunga Ikobwa, Email address: aikobwa@gmail.com
2024-09-06 00:42:51,439 - INFO - Student Name: Budembeshe, Moses Kasuni, Email address: bkasuni@gmail.com
2024-09-06 00:42:51,439 - INFO - Student Name: Dessalegn, Kalid Geleta, Email address: dgeleta@gmail.com
2024-09-06 00:42:51,439 - INFO - Student Name: Epetet, Keith Lokwei, Email address: elokwei@gmail.com
2024-09-06 00:42:51,439 - INFO - Student Name: Ger, David Otieno, Email address: gotieno@gmail.com
2024-09-06 00:42:51,439 - INFO - Student Name: Githinji, Don Moses Thigiti, Email address: gthigiti@gmail.com
2024-09-06 00:42:51,440 - INFO - Student Name: Haji, Ashir Ali, Email address: hali@gmail.com
2024-09-06 00:42:51,440 - INFO - Student Name: Hassan, Fardowsa Abduhakim, Email address: habduhakim@gmail.com
2024-09-06 00:42:51,440 - INFO - Student Name: Ismail, Ruweida Ali, Email address: iali@gmail.com
2024-09-06 00:42:51,440 - INFO - Student Name: Johnson, Myles Adebayo, Email address: jadebayo@gmail.com
2024-09-06 00:42:51,440 - INFO - Student Name: Kamau, Ann Mumbi, Email address: kmumbi@gmail.com
2024-09-06 00:42:51,440 - INFO - Student Name: Kangethe, Sharon Wanjiru, Email address: kwanjiru@gmail.com
2024-09-06 00:42:51,440 - INFO - Student Name: Karanu, Neema Muthoni, Email address: kmuthoni@gmail.com
2024-09-06 00:42:51,441 - INFO - Student Name: Kiarie, Samuel Ndungu, Email address: kndungu@gmail.com
2024-09-06 00:42:51,441 - INFO - Student Name: Kihara, Shannon Kendi, Email address: kkendi@gmail.com
2024-09-06 00:42:51,441 - INFO - Student Name: Kimutai, Peter Kibet, Email address: kkibet@gmail.com
2024-09-06 00:42:51,441 - INFO - Student Name: Kinyua, Victor Mfana, Email address: kmfana@gmail.com
2024-09-06 00:42:51,441 - INFO - Student Name: Kirema, Ian Muteithia, Email address: kmuteithia@gmail.com
2024-09-06 00:42:51,441 - INFO - Student Name: Kithae, Eric Muriithi, Email address: kmuriithi@gmail.com
2024-09-06 00:42:51,441 - INFO - Student Name: Korir, Kevin Kimutai, Email address: kkimutai@gmail.com
2024-09-06 00:42:51,441 - INFO - Student Name: Kwoba, Alex Wafula, Email address: kwafula@gmail.com
2024-09-06 00:42:51,442 - INFO - Student Name: Maritim, Kelvin Kipngeno, Email address: mkipngeno@gmail.com
2024-09-06 00:42:51,442 - INFO - Student Name: Masaka, Zivai Takadiwa David, Email address: mdavid@gmail.com
2024-09-06 00:42:51,442 - INFO - Student Name: Mohamed, Ally Mahamud, Email address: mmahamud@gmail.com
2024-09-06 00:42:51,442 - INFO - Student Name: Morekwa, David Nyamongo, Email address: mnyamongo@gmail.com
2024-09-06 00:42:51,442 - INFO - Student Name: Mugambi, Kelvin Karani, Email address: mkarani@gmail.com
2024-09-06 00:42:51,442 - INFO - Student Name: Muhia, Victor Mwaura, Email address: mmwaura@gmail.com
2024-09-06 00:42:51,442 - INFO - Student Name: Muiyuro, Natasha Waithira, Email address: mwaithira@gmail.com
2024-09-06 00:42:51,442 - INFO - Student Name: Muli, Grace Kanini, Email address: mkanini@gmail.com
2024-09-06 00:42:51,442 - INFO - Student Name: Muroki, Mark Gichuhi, Email address: mgichuhi@gmail.com
2024-09-06 00:42:51,443 - INFO - Student Name: Mutaki, Ruby Mbete, Email address: mmbete@gmail.com
2024-09-06 00:42:51,443 - INFO - Student Name: Mutua, Franklin Karanja, Email address: mkaranja@gmail.com
2024-09-06 00:42:51,443 - INFO - Student Name: Mutunga, Eric Kiamba, Email address: mkiamba@gmail.com
2024-09-06 00:42:51,443 - INFO - Student Name: Mutunga, Patience Kamanthe, Email address: mkamanthe@gmail.com
2024-09-06 00:42:51,443 - INFO - Student Name: Mwanda, George Josiah, Email address: mjosiah@gmail.com
2024-09-06 00:42:51,443 - INFO - Student Name: Nabaala, Andrew Kasaine, Email address: nkasaine@gmail.com
2024-09-06 00:42:51,443 - INFO - Student Name: Naibei, Monicah, Email address: nmonicah@gmail.com
2024-09-06 00:42:51,443 - INFO - Student Name: Ndambiri, Yvonne Nyambura, Email address: nnyambura@gmail.com
2024-09-06 00:42:51,444 - INFO - Student Name: Ndungu, Sarah Laura Wangari, Email address: nwangari@gmail.com
2024-09-06 00:42:51,444 - INFO - Student Name: Ng'ang'a, Ian Mutuge, Email address: nmutuge@gmail.com
2024-09-06 00:42:51,444 - INFO - Student Name: Ngeno, Alvin Kipkurui, Email address: nkipkurui@gmail.com
2024-09-06 00:42:51,444 - INFO - Student Name: Ngigi, Michael Macharia, Email address: nmacharia@gmail.com
2024-09-06 00:42:51,444 - INFO - Student Name: Njuguna, Elizabeth Njoki, Email address: nnjoki@gmail.com
2024-09-06 00:42:51,445 - INFO - Student Name: Nugi, Andrew Kiarie, Email address: nkiarie@gmail.com
2024-09-06 00:42:51,445 - INFO - Student Name: Nyambura, Erica, Email address: nerica@gmail.com
2024-09-06 00:42:51,445 - INFO - Student Name: Nzioki, Maureen Mutete, Email address: nmutete@gmail.com
2024-09-06 00:42:51,445 - INFO - Student Name: Ochanda, Steven Joel Jona, Email address: ojona@gmail.com
2024-09-06 00:42:51,445 - INFO - Student Name: Ogutu, Brenda Mary Anyango, Email address: oanyango@gmail.com
2024-09-06 00:42:51,445 - INFO - Student Name: Ombeni, Mwenzangu Faraja, Email address: ofaraja@gmail.com
2024-09-06 00:42:51,445 - INFO - Student Name: Ombongi, Caleb Magare, Email address: omagare@gmail.com
2024-09-06 00:42:51,446 - INFO - Student Name: Orony, Charis Ng'wono, Email address: ongwono@gmail.com
2024-09-06 00:42:51,446 - INFO - Student Name: Owens, Nicole Owens, Email address: oowens@gmail.com
2024-09-06 00:42:51,446 - INFO - Student Name: Patel, Jay Hirji, Email address: phirji@gmail.com
2024-09-06 00:42:51,446 - INFO - Student Name: Tonui, Martin, Email address: tmartin@gmail.com
2024-09-06 00:42:51,446 - INFO - Student Name: Tum, Bramwel Kipchirchir, Email address: tkipchirchir@gmail.com
2024-09-06 00:42:51,446 - INFO - Student Name: Wachira, Joy Muthoni, Email address: wmuthoni@gmail.com
2024-09-06 00:42:51,446 - INFO - Student Name: Wakaba, Rosemary Njeri, Email address: wnjeri@gmail.com
2024-09-06 00:42:51,446 - INFO - Student Name: Wanjao, Louis Mbugua, Email address: wmbugua@gmail.com
2024-09-06 00:42:51,447 - INFO - Student Name: Waweru, Monika Ng'endo, Email address: wngendo@gmail.com
2024-09-06 00:42:51,447 - INFO - Student Name: Waweru, Trevor Kariuki, Email address: wkariuki@gmail.com
2024-09-06 00:42:51,447 - INFO - Student Name: Adhiambo, Jane Daisy, Email address: adaisy@gmail.com
2024-09-06 00:42:51,447 - INFO - Student Name: Ali, Sumeiya Abdulle Abdirizak, Email address: aabdirizak@gmail.com
2024-09-06 00:42:51,447 - INFO - Student Name: Asava, Wayne Majani, Email address: amajani@gmail.com
2024-09-06 00:42:51,447 - INFO - Student Name: Barasa, Michelle Nekesa, Email address: bnekesa@gmail.com
2024-09-06 00:42:51,447 - INFO - Student Name: Bigingi, Ian Duncan, Email address: bduncan@gmail.com
2024-09-06 00:42:51,448 - INFO - Student Name: Cheboi, Lormotum Noel, Email address: cnoel@gmail.com
2024-09-06 00:42:51,448 - INFO - Student Name: Dulo, Humphrey James, Email address: djames@gmail.com
2024-09-06 00:42:51,448 - INFO - Student Name: Etemesi, Caleb Asira, Email address: easira@gmail.com
2024-09-06 00:42:51,448 - INFO - Student Name: Frances, Ayango, Email address: fayango@gmail.com
2024-09-06 00:42:51,448 - INFO - Student Name: Gitau, Sandra Wanjiru, Email address: gwanjiru@gmail.com
2024-09-06 00:42:51,448 - INFO - Student Name: Hassan, Masoud Ali, Email address: hali1@gmail.com
2024-09-06 00:42:51,448 - INFO - Student Name: Kabui, Michelle Miceere, Email address: kmiceere@gmail.com
2024-09-06 00:42:51,448 - INFO - Student Name: Kamau, Edinah Nyambura, Email address: knyambura@gmail.com
2024-09-06 00:42:51,449 - INFO - Student Name: Kamau, Jesse Mbugua, Email address: kmbugua@gmail.com
2024-09-06 00:42:51,449 - INFO - Student Name: Karani, Amanda Ngendo, Email address: kngendo@gmail.com
2024-09-06 00:42:51,449 - INFO - Student Name: Kathurima, Ryan Kinoti, Email address: kkinoti@gmail.com
2024-09-06 00:42:51,449 - INFO - Student Name: Kennedy, Angel Venoliah, Email address: kvenoliah@gmail.com
2024-09-06 00:42:51,449 - INFO - Student Name: Kiilu, Jeff Kioko, Email address: kkioko@gmail.com
2024-09-06 00:42:51,449 - INFO - Student Name: Kiiru, Cynthia Everlyn Muthoni, Email address: kmuthoni1@gmail.com
2024-09-06 00:42:51,450 - INFO - Student Name: Kimani, Alex Mwangi, Email address: kmwangi@gmail.com
2024-09-06 00:42:51,450 - INFO - Student Name: Kinegeni, Terry, Email address: kterry@gmail.com
2024-09-06 00:42:51,450 - INFO - Student Name: Kyalo, Felicia Mutheu, Email address: kmutheu@gmail.com
2024-09-06 00:42:51,450 - INFO - Student Name: Leting, Sylvester Kiplagat, Email address: lkiplagat@gmail.com
2024-09-06 00:42:51,450 - INFO - Student Name: Lihanda, Glen Musa, Email address: lmusa@gmail.com
2024-09-06 00:42:51,451 - INFO - Student Name: Mahia, Jerome Kamau, Email address: mkamau@gmail.com
2024-09-06 00:42:51,451 - INFO - Student Name: Mbugua, Nathan Ng'ethe, Email address: mngethe@gmail.com
2024-09-06 00:42:51,451 - INFO - Student Name: Mbwanga, Emmanuel Chivunira, Email address: mchivunira@gmail.com
2024-09-06 00:42:51,451 - INFO - Student Name: Moire, Henry Nyakundi, Email address: mnyakundi@gmail.com
2024-09-06 00:42:51,451 - INFO - Student Name: Morara, Keith Matwere, Email address: mmatwere@gmail.com
2024-09-06 00:42:51,451 - INFO - Student Name: Muchiri, Lynn Wairimu, Email address: mwairimu@gmail.com
2024-09-06 00:42:51,451 - INFO - Student Name: Mugendi, Emmanuel Muthomi, Email address: mmuthomi@gmail.com
2024-09-06 00:42:51,451 - INFO - Student Name: Mukiri, Maryanne Wanjiku, Email address: mwanjiku@gmail.com
2024-09-06 00:42:51,452 - INFO - Student Name: Mungai, Kihanya, Email address: mkihanya@gmail.com
2024-09-06 00:42:51,452 - INFO - Student Name: Musyoka, Brian Kioko, Email address: mkioko@gmail.com
2024-09-06 00:42:51,452 - INFO - Student Name: Mutende, Arabella Fanisheba, Email address: mfanisheba@gmail.com
2024-09-06 00:42:51,452 - INFO - Student Name: Mutinda, Bryan Lwaya, Email address: mlwaya@gmail.com
2024-09-06 00:42:51,452 - INFO - Student Name: Mwago, Megan Dette, Email address: mdette@gmail.com
2024-09-06 00:42:51,452 - INFO - Student Name: Mwai, David King, Email address: mking@gmail.com
2024-09-06 00:42:51,452 - INFO - Student Name: Nalugala, Venessa Chebukwa, Email address: nchebukwa@gmail.com
2024-09-06 00:42:51,452 - INFO - Student Name: Ndirangu, Denise Nyambura, Email address: nnyambura1@gmail.com
2024-09-06 00:42:51,452 - INFO - Student Name: Ngahu, David Gitonga, Email address: ngitonga@gmail.com
2024-09-06 00:42:51,453 - INFO - Student Name: Ngari, Sifa Gathoni, Email address: ngathoni@gmail.com
2024-09-06 00:42:51,453 - INFO - Student Name: Nguthiru, Edwin Ndiritu, Email address: nndiritu@gmail.com
2024-09-06 00:42:51,453 - INFO - Student Name: Nyamosi, Edmond Omwega, Email address: nomwega@gmail.com
2024-09-06 00:42:51,453 - INFO - Student Name: Nyang'or, Olive Menorah, Email address: nmenorah@gmail.com
2024-09-06 00:42:51,453 - INFO - Student Name: Omal, Warren, Email address: owarren@gmail.com
2024-09-06 00:42:51,453 - INFO - Student Name: Omondi, Emmanuel Neville, Email address: oneville@gmail.com
2024-09-06 00:42:51,453 - INFO - Student Name: Omondi, Winfred Achieng, Email address: oachieng@gmail.com
2024-09-06 00:42:51,453 - INFO - Student Name: Otao, Davis Mokora, Email address: omokora@gmail.com
2024-09-06 00:42:51,454 - INFO - Student Name: Rintaugu, Mugambi Nteere, Email address: rnteere@gmail.com
2024-09-06 00:42:51,454 - INFO - Student Name: Rotich, Mercy Chepngetich, Email address: rchepngetich@gmail.com
2024-09-06 00:42:51,454 - INFO - Student Name: Sehmi, Singh Jeevan, Email address: sjeevan@gmail.com
2024-09-06 00:42:51,454 - INFO - Student Name: Vasani, Aman Upinkumar, Email address: vupinkumar@gmail.com
2024-09-06 00:42:51,454 - INFO - Student Name: Wafula, Gideon Simiyu, Email address: wsimiyu@gmail.com
2024-09-06 00:42:51,454 - INFO - Student Name: Wahu, Bridget Makena, Email address: wmakena@gmail.com
2024-09-06 00:42:51,454 - INFO - Student Name: Wango, Michael Mundati, Email address: wmundati@gmail.com
2024-09-06 00:42:51,454 - INFO - Student Name: Wangombe, Martin Mwangi, Email address: wmwangi@gmail.com
2024-09-06 00:42:51,454 - INFO - Student Name: Wanyonyi, Brian Newton, Email address: wnewton@gmail.com
2024-09-06 00:42:51,455 - INFO - Student Name: Wasike, Nicole Jones Nekesa, Email address: wnekesa@gmail.com
